<?xml version="1.0" encoding="UTF-8"?>
<testng-results ignored="0" total="1" passed="1" failed="0" skipped="0">
  <reporter-output>
  </reporter-output>
  <suite started-at="2024-05-15T21:27:52 OESZ" name="Default suite" finished-at="2024-05-15T21:28:01 OESZ" duration-ms="8973">
    <groups>
    </groups>
    <test started-at="2024-05-15T21:27:52 OESZ" name="Default test" finished-at="2024-05-15T21:28:01 OESZ" duration-ms="8973">
      <class name="curs17.FindElementsExample">
        <test-method is-config="true" signature="setup()[pri:0, instance:curs17.FindElementsExample@54bff557]" started-at="2024-05-15T21:27:52 OESZ" name="setup" finished-at="2024-05-15T21:27:55 OESZ" duration-ms="3740" status="PASS">
          <reporter-output>
          </reporter-output>
        </test-method> <!-- setup -->
        <test-method signature="findElementsExample()[pri:0, instance:curs17.FindElementsExample@54bff557]" started-at="2024-05-15T21:27:55 OESZ" name="findElementsExample" finished-at="2024-05-15T21:27:55 OESZ" duration-ms="62" status="PASS">
          <reporter-output>
          </reporter-output>
        </test-method> <!-- findElementsExample -->
        <test-method is-config="true" signature="tearDown()[pri:0, instance:curs17.FindElementsExample@54bff557]" started-at="2024-05-15T21:27:55 OESZ" name="tearDown" finished-at="2024-05-15T21:28:01 OESZ" duration-ms="5146" status="PASS">
          <reporter-output>
          </reporter-output>
        </test-method> <!-- tearDown -->
      </class> <!-- curs17.FindElementsExample -->
    </test> <!-- Default test -->
  </suite> <!-- Default suite -->
</testng-results>
